# JRE version: OpenJDK Runtime Environment (8.0_212-b03) (build 1.8.0_212-8u212-b03-0ubuntu1.16.04.1-b03)
# Java VM: OpenJDK 64-Bit Server VM (25.212-b03 mixed mode linux-amd64 compressed oops)
Heap:
 PSYoungGen      total 537088K, used 4021K [0x00000000d7200000, 0x00000000f8e80000, 0x0000000100000000)
  eden space 520704K, 0% used [0x00000000d7200000,0x00000000d7200000,0x00000000f6e80000)
  from space 16384K, 24% used [0x00000000f6e80000,0x00000000f726d640,0x00000000f7e80000)
  to   space 5120K, 0% used [0x00000000f8980000,0x00000000f8980000,0x00000000f8e80000)
 ParOldGen       total 82432K, used 18915K [0x0000000085600000, 0x000000008a680000, 0x00000000d7200000)
  object space 82432K, 22% used [0x0000000085600000,0x0000000086878db0,0x000000008a680000)
 Metaspace       used 34543K, capacity 35974K, committed 36312K, reserved 1081344K
  class space    used 4393K, capacity 4698K, committed 4824K, reserved 1048576K
GC Heap History (10 events):
Event: 65,221 GC heap after
Heap after GC invocations=10 (full 2):
 PSYoungGen      total 344064K, used 2275K [0x00000000d7200000, 0x00000000ed480000, 0x0000000100000000)
  eden space 328192K, 0% used [0x00000000d7200000,0x00000000d7200000,0x00000000eb280000)
  from space 15872K, 14% used [0x00000000ec500000,0x00000000ec738cd0,0x00000000ed480000)
  to   space 17408K, 0% used [0x00000000eb280000,0x00000000eb280000,0x00000000ec380000)
 ParOldGen       total 82432K, used 18907K [0x0000000085600000, 0x000000008a680000, 0x00000000d7200000)
  object space 82432K, 22% used [0x0000000085600000,0x0000000086876db0,0x000000008a680000)
 Metaspace       used 34542K, capacity 35974K, committed 36312K, reserved 1081344K
  class space    used 4393K, capacity 4698K, committed 4824K, reserved 1048576K
}
Event: 65,794 GC heap before
{Heap before GC invocations=11 (full 2):
 PSYoungGen      total 344064K, used 330467K [0x00000000d7200000, 0x00000000ed480000, 0x0000000100000000)
  eden space 328192K, 100% used [0x00000000d7200000,0x00000000eb280000,0x00000000eb280000)
  from space 15872K, 14% used [0x00000000ec500000,0x00000000ec738cd0,0x00000000ed480000)
  to   space 17408K, 0% used [0x00000000eb280000,0x00000000eb280000,0x00000000ec380000)
 ParOldGen       total 82432K, used 18907K [0x0000000085600000, 0x000000008a680000, 0x00000000d7200000)
  object space 82432K, 22% used [0x0000000085600000,0x0000000086876db0,0x000000008a680000)
 Metaspace       used 34542K, capacity 35974K, committed 36312K, reserved 1081344K
  class space    used 4393K, capacity 4698K, committed 4824K, reserved 1048576K
Event: 65,798 GC heap after
Heap after GC invocations=11 (full 2):
 PSYoungGen      total 345600K, used 2459K [0x00000000d7200000, 0x00000000f3900000, 0x0000000100000000)
  eden space 328192K, 0% used [0x00000000d7200000,0x00000000d7200000,0x00000000eb280000)
  from space 17408K, 14% used [0x00000000eb280000,0x00000000eb4e6e78,0x00000000ec380000)
  to   space 17408K, 0% used [0x00000000f2800000,0x00000000f2800000,0x00000000f3900000)
 ParOldGen       total 82432K, used 18915K [0x0000000085600000, 0x000000008a680000, 0x00000000d7200000)
  object space 82432K, 22% used [0x0000000085600000,0x0000000086878db0,0x000000008a680000)
 Metaspace       used 34542K, capacity 35974K, committed 36312K, reserved 1081344K
  class space    used 4393K, capacity 4698K, committed 4824K, reserved 1048576K
}
Event: 66,332 GC heap before
{Heap before GC invocations=12 (full 2):
 PSYoungGen      total 345600K, used 330651K [0x00000000d7200000, 0x00000000f3900000, 0x0000000100000000)
  eden space 328192K, 100% used [0x00000000d7200000,0x00000000eb280000,0x00000000eb280000)
  from space 17408K, 14% used [0x00000000eb280000,0x00000000eb4e6e78,0x00000000ec380000)
  to   space 17408K, 0% used [0x00000000f2800000,0x00000000f2800000,0x00000000f3900000)
 ParOldGen       total 82432K, used 18915K [0x0000000085600000, 0x000000008a680000, 0x00000000d7200000)
  object space 82432K, 22% used [0x0000000085600000,0x0000000086878db0,0x000000008a680000)
 Metaspace       used 34542K, capacity 35974K, committed 36312K, reserved 1081344K
  class space    used 4393K, capacity 4698K, committed 4824K, reserved 1048576K
Event: 66,335 GC heap after
Heap after GC invocations=12 (full 2):
 PSYoungGen      total 430080K, used 2759K [0x00000000d7200000, 0x00000000f3000000, 0x0000000100000000)
  eden space 421888K, 0% used [0x00000000d7200000,0x00000000d7200000,0x00000000f0e00000)
  from space 8192K, 33% used [0x00000000f2800000,0x00000000f2ab1f48,0x00000000f3000000)
  to   space 17408K, 0% used [0x00000000f0e00000,0x00000000f0e00000,0x00000000f1f00000)
 ParOldGen       total 82432K, used 18915K [0x0000000085600000, 0x000000008a680000, 0x00000000d7200000)
  object space 82432K, 22% used [0x0000000085600000,0x0000000086878db0,0x000000008a680000)
 Metaspace       used 34542K, capacity 35974K, committed 36312K, reserved 1081344K
  class space    used 4393K, capacity 4698K, committed 4824K, reserved 1048576K
}
Event: 67,070 GC heap before
{Heap before GC invocations=13 (full 2):
 PSYoungGen      total 430080K, used 424647K [0x00000000d7200000, 0x00000000f3000000, 0x0000000100000000)
  eden space 421888K, 100% used [0x00000000d7200000,0x00000000f0e00000,0x00000000f0e00000)
  from space 8192K, 33% used [0x00000000f2800000,0x00000000f2ab1f48,0x00000000f3000000)
  to   space 17408K, 0% used [0x00000000f0e00000,0x00000000f0e00000,0x00000000f1f00000)
 ParOldGen       total 82432K, used 18915K [0x0000000085600000, 0x000000008a680000, 0x00000000d7200000)
  object space 82432K, 22% used [0x0000000085600000,0x0000000086878db0,0x000000008a680000)
 Metaspace       used 34543K, capacity 35974K, committed 36312K, reserved 1081344K
  class space    used 4393K, capacity 4698K, committed 4824K, reserved 1048576K
Event: 67,074 GC heap after
Heap after GC invocations=13 (full 2):
 PSYoungGen      total 439296K, used 3203K [0x00000000d7200000, 0x00000000f9a00000, 0x0000000100000000)
  eden space 421888K, 0% used [0x00000000d7200000,0x00000000d7200000,0x00000000f0e00000)
  from space 17408K, 18% used [0x00000000f0e00000,0x00000000f1120fe0,0x00000000f1f00000)
  to   space 16896K, 0% used [0x00000000f8980000,0x00000000f8980000,0x00000000f9a00000)
 ParOldGen       total 82432K, used 18915K [0x0000000085600000, 0x000000008a680000, 0x00000000d7200000)
  object space 82432K, 22% used [0x0000000085600000,0x0000000086878db0,0x000000008a680000)
 Metaspace       used 34543K, capacity 35974K, committed 36312K, reserved 1081344K
  class space    used 4393K, capacity 4698K, committed 4824K, reserved 1048576K
}
Event: 67,881 GC heap before
{Heap before GC invocations=14 (full 2):
 PSYoungGen      total 439296K, used 425091K [0x00000000d7200000, 0x00000000f9a00000, 0x0000000100000000)
  eden space 421888K, 100% used [0x00000000d7200000,0x00000000f0e00000,0x00000000f0e00000)
  from space 17408K, 18% used [0x00000000f0e00000,0x00000000f1120fe0,0x00000000f1f00000)
  to   space 16896K, 0% used [0x00000000f8980000,0x00000000f8980000,0x00000000f9a00000)
 ParOldGen       total 82432K, used 18915K [0x0000000085600000, 0x000000008a680000, 0x00000000d7200000)
  object space 82432K, 22% used [0x0000000085600000,0x0000000086878db0,0x000000008a680000)
 Metaspace       used 34543K, capacity 35974K, committed 36312K, reserved 1081344K
  class space    used 4393K, capacity 4698K, committed 4824K, reserved 1048576K
Event: 67,885 GC heap after
Heap after GC invocations=14 (full 2):
 PSYoungGen      total 525824K, used 3514K [0x00000000d7200000, 0x00000000f8e80000, 0x0000000100000000)
  eden space 520704K, 0% used [0x00000000d7200000,0x00000000d7200000,0x00000000f6e80000)
  from space 5120K, 68% used [0x00000000f8980000,0x00000000f8cee878,0x00000000f8e80000)
  to   space 16384K, 0% used [0x00000000f6e80000,0x00000000f6e80000,0x00000000f7e80000)
 ParOldGen       total 82432K, used 18915K [0x0000000085600000, 0x000000008a680000, 0x00000000d7200000)
  object space 82432K, 22% used [0x0000000085600000,0x0000000086878db0,0x000000008a680000)
 Metaspace       used 34543K, capacity 35974K, committed 36312K, reserved 1081344K
  class space    used 4393K, capacity 4698K, committed 4824K, reserved 1048576K
}
Event: 68,968 GC heap before
{Heap before GC invocations=15 (full 2):
 PSYoungGen      total 525824K, used 524218K [0x00000000d7200000, 0x00000000f8e80000, 0x0000000100000000)
  eden space 520704K, 100% used [0x00000000d7200000,0x00000000f6e80000,0x00000000f6e80000)
  from space 5120K, 68% used [0x00000000f8980000,0x00000000f8cee878,0x00000000f8e80000)
  to   space 16384K, 0% used [0x00000000f6e80000,0x00000000f6e80000,0x00000000f7e80000)
 ParOldGen       total 82432K, used 18915K [0x0000000085600000, 0x000000008a680000, 0x00000000d7200000)
  object space 82432K, 22% used [0x0000000085600000,0x0000000086878db0,0x000000008a680000)
 Metaspace       used 34543K, capacity 35974K, committed 36312K, reserved 1081344K
  class space    used 4393K, capacity 4698K, committed 4824K, reserved 1048576K

